<?xml version="1.0" encoding="UTF-8"?>
<testsuites name="my tests" time="8.605" tests="1" failures="0">
  <testsuite name="Root Suite" timestamp="2023-02-23T22:06:01" tests="0" file="cypress\e2e\functionalTests\testCase3.cy.js" time="0.000" failures="0">
  </testsuite>
  <testsuite name="QA Automation test task: test-case 3" timestamp="2023-02-23T22:06:01" tests="1" time="8.586" failures="0">
    <testcase name="QA Automation test task: test-case 3 Search the item and verify returned products" time="8.484" classname="Search the item and verify returned products">
    </testcase>
  </testsuite>
</testsuites>